d:\opendds\first_test\debug\instruction_publisher\i386\vc141.pdb
d:\opendds\first_test\debug\instruction_publisher\i386\vc141.idb
d:\opendds\first_test\debug\instruction_publisher\i386\publisher.obj
d:\opendds\first_test\debug\instruction_publisher\i386\instructiontypesupports.obj
d:\opendds\first_test\debug\instruction_publisher\i386\instructiontypesupportimpl.obj
d:\opendds\first_test\debug\instruction_publisher\i386\instructiontypesupportc.obj
d:\opendds\first_test\debug\instruction_publisher\i386\instructions.obj
d:\opendds\first_test\debug\instruction_publisher\i386\instructionc.obj
d:\opendds\first_test\instructiontypesupportc.cpp
d:\opendds\first_test\instructiontypesupportc.h
d:\opendds\first_test\instructiontypesupportc.inl
d:\opendds\first_test\instructiontypesupports.cpp
d:\opendds\first_test\instructiontypesupports.h
d:\opendds\first_test\instructionc.cpp
d:\opendds\first_test\instructionc.h
d:\opendds\first_test\instructionc.inl
d:\opendds\first_test\instructions.cpp
d:\opendds\first_test\instructions.h
d:\opendds\first_test\instructiontypesupport.idl
d:\opendds\first_test\instructiontypesupportimpl.cpp
d:\opendds\first_test\instructiontypesupportimpl.h
d:\opendds\first_test\publisher.ilk
d:\opendds\first_test\publisher.exe
d:\opendds\first_test\publisher_exe.pdb
d:\opendds\first_test\.\publisher.exe
d:\opendds\first_test\debug\instruction_publisher\i386\instruct.107a0779.tlog\cl.command.1.tlog
d:\opendds\first_test\debug\instruction_publisher\i386\instruct.107a0779.tlog\cl.read.1.tlog
d:\opendds\first_test\debug\instruction_publisher\i386\instruct.107a0779.tlog\cl.write.1.tlog
d:\opendds\first_test\debug\instruction_publisher\i386\instruct.107a0779.tlog\custombuild.command.1.tlog
d:\opendds\first_test\debug\instruction_publisher\i386\instruct.107a0779.tlog\custombuild.read.1.tlog
d:\opendds\first_test\debug\instruction_publisher\i386\instruct.107a0779.tlog\custombuild.write.1.tlog
d:\opendds\first_test\debug\instruction_publisher\i386\instruct.107a0779.tlog\link.command.1.tlog
d:\opendds\first_test\debug\instruction_publisher\i386\instruct.107a0779.tlog\link.read.1.tlog
d:\opendds\first_test\debug\instruction_publisher\i386\instruct.107a0779.tlog\link.write.1.tlog
